[2024-07-03T18:04:57.993+0000] {local_task_job_runner.py:120} INFO - ::group::Pre task execution logs
[2024-07-03T18:04:58.013+0000] {taskinstance.py:2076} INFO - Dependencies all met for dep_context=non-requeueable deps ti=<TaskInstance: zones_dag.extract manual__2024-07-03T17:54:53.625928+00:00 [queued]>
[2024-07-03T18:04:58.020+0000] {taskinstance.py:2076} INFO - Dependencies all met for dep_context=requeueable deps ti=<TaskInstance: zones_dag.extract manual__2024-07-03T17:54:53.625928+00:00 [queued]>
[2024-07-03T18:04:58.021+0000] {taskinstance.py:2306} INFO - Starting attempt 3 of 3
[2024-07-03T18:04:58.032+0000] {taskinstance.py:2330} INFO - Executing <Task(_PythonDecoratedOperator): extract> on 2024-07-03 17:54:53.625928+00:00
[2024-07-03T18:04:58.037+0000] {warnings.py:112} WARNING - /home/***/.local/lib/python3.12/site-packages/***/task/task_runner/standard_task_runner.py:61: DeprecationWarning: This process (pid=2623) is multi-threaded, use of fork() may lead to deadlocks in the child.
  pid = os.fork()

[2024-07-03T18:04:58.038+0000] {standard_task_runner.py:63} INFO - Started process 2625 to run task
[2024-07-03T18:04:58.038+0000] {standard_task_runner.py:90} INFO - Running: ['***', 'tasks', 'run', 'zones_dag', 'extract', 'manual__2024-07-03T17:54:53.625928+00:00', '--job-id', '187', '--raw', '--subdir', 'DAGS_FOLDER/zones_dag.py', '--cfg-path', '/tmp/tmpie96hnl1']
[2024-07-03T18:04:58.040+0000] {standard_task_runner.py:91} INFO - Job 187: Subtask extract
[2024-07-03T18:04:58.075+0000] {task_command.py:426} INFO - Running <TaskInstance: zones_dag.extract manual__2024-07-03T17:54:53.625928+00:00 [running]> on host 85a074673ee4
[2024-07-03T18:04:58.153+0000] {taskinstance.py:2648} INFO - Exporting env vars: AIRFLOW_CTX_DAG_OWNER='***' AIRFLOW_CTX_DAG_ID='zones_dag' AIRFLOW_CTX_TASK_ID='extract' AIRFLOW_CTX_EXECUTION_DATE='2024-07-03T17:54:53.625928+00:00' AIRFLOW_CTX_TRY_NUMBER='3' AIRFLOW_CTX_DAG_RUN_ID='manual__2024-07-03T17:54:53.625928+00:00'
[2024-07-03T18:04:58.155+0000] {taskinstance.py:430} INFO - ::endgroup::
[2024-07-03T18:04:58.157+0000] {logging_mixin.py:188} INFO - Reading Document...
[2024-07-03T18:04:58.168+0000] {python.py:237} INFO - Done. Returned value was: <xml.etree.ElementTree.ElementTree object at 0x7f2fb07a46e0>
[2024-07-03T18:04:58.169+0000] {taskinstance.py:441} INFO - ::group::Post task execution logs
[2024-07-03T18:04:58.174+0000] {xcom.py:675} ERROR - Object of type ElementTree is not JSON serializable. If you are using pickle instead of JSON for XCom, then you need to enable pickle support for XCom in your *** config or make sure to decorate your object with attr.
[2024-07-03T18:04:58.175+0000] {taskinstance.py:2905} ERROR - Task failed with exception
Traceback (most recent call last):
  File "/home/airflow/.local/lib/python3.12/site-packages/airflow/utils/json.py", line 91, in default
    return serialize(o)
           ^^^^^^^^^^^^
  File "/home/airflow/.local/lib/python3.12/site-packages/airflow/serialization/serde.py", line 189, in serialize
    raise TypeError(f"cannot serialize object of type {cls}")
TypeError: cannot serialize object of type <class 'xml.etree.ElementTree.ElementTree'>

During handling of the above exception, another exception occurred:

Traceback (most recent call last):
  File "/home/airflow/.local/lib/python3.12/site-packages/airflow/models/taskinstance.py", line 486, in _execute_task
    task_instance.xcom_push(key=XCOM_RETURN_KEY, value=xcom_value, session=session)
  File "/home/airflow/.local/lib/python3.12/site-packages/airflow/utils/session.py", line 76, in wrapper
    return func(*args, **kwargs)
           ^^^^^^^^^^^^^^^^^^^^^
  File "/home/airflow/.local/lib/python3.12/site-packages/airflow/models/taskinstance.py", line 3197, in xcom_push
    XCom.set(
  File "/home/airflow/.local/lib/python3.12/site-packages/airflow/utils/session.py", line 76, in wrapper
    return func(*args, **kwargs)
           ^^^^^^^^^^^^^^^^^^^^^
  File "/home/airflow/.local/lib/python3.12/site-packages/airflow/models/xcom.py", line 246, in set
    value = cls.serialize_value(
            ^^^^^^^^^^^^^^^^^^^^
  File "/home/airflow/.local/lib/python3.12/site-packages/airflow/models/xcom.py", line 673, in serialize_value
    return json.dumps(value, cls=XComEncoder).encode("UTF-8")
           ^^^^^^^^^^^^^^^^^^^^^^^^^^^^^^^^^^
  File "/usr/local/lib/python3.12/json/__init__.py", line 238, in dumps
    **kw).encode(obj)
          ^^^^^^^^^^^
  File "/home/airflow/.local/lib/python3.12/site-packages/airflow/utils/json.py", line 104, in encode
    return super().encode(o)
           ^^^^^^^^^^^^^^^^^
  File "/usr/local/lib/python3.12/json/encoder.py", line 200, in encode
    chunks = self.iterencode(o, _one_shot=True)
             ^^^^^^^^^^^^^^^^^^^^^^^^^^^^^^^^^^
  File "/usr/local/lib/python3.12/json/encoder.py", line 258, in iterencode
    return _iterencode(o, 0)
           ^^^^^^^^^^^^^^^^^
  File "/home/airflow/.local/lib/python3.12/site-packages/airflow/utils/json.py", line 93, in default
    return super().default(o)
           ^^^^^^^^^^^^^^^^^^
  File "/usr/local/lib/python3.12/json/encoder.py", line 180, in default
    raise TypeError(f'Object of type {o.__class__.__name__} '
TypeError: Object of type ElementTree is not JSON serializable
[2024-07-03T18:04:58.183+0000] {taskinstance.py:1206} INFO - Marking task as FAILED. dag_id=zones_dag, task_id=extract, run_id=manual__2024-07-03T17:54:53.625928+00:00, execution_date=20240703T175453, start_date=20240703T180458, end_date=20240703T180458
[2024-07-03T18:04:58.192+0000] {standard_task_runner.py:110} ERROR - Failed to execute job 187 for task extract (Object of type ElementTree is not JSON serializable; 2625)
[2024-07-03T18:04:58.212+0000] {local_task_job_runner.py:240} INFO - Task exited with return code 1
[2024-07-03T18:04:58.234+0000] {taskinstance.py:3503} INFO - 0 downstream tasks scheduled from follow-on schedule check
[2024-07-03T18:04:58.238+0000] {local_task_job_runner.py:222} INFO - ::endgroup::
